Using pre-set license
Built from '2021.1/staging' branch; Version is '2021.1.24f1 (6667702a1e7c) revision 6711152'; Using compiler version '192528614'; Build Type 'Release'
OS: 'Windows 7  (6.1.0) 64bit' Language: 'pt' Physical Memory: 3981 MB
BatchMode: 1, IsHumanControllingUs: 0, StartBugReporterOnCrash: 0, Is64bit: 1, IsPro: 0

COMMAND LINE ARGUMENTS:
C:\Program Files\Unity\Hub\Editor\2021.1.24f1\Editor\Unity.exe
-adb2
-batchMode
-noUpm
-name
AssetImportWorker4
-projectPath
C:/Users/Janete/Documents/GitHub/Juice-Sort
-logFile
Logs/AssetImportWorker4.log
-srvPort
58340
Successfully changed project path to: C:/Users/Janete/Documents/GitHub/Juice-Sort
C:/Users/Janete/Documents/GitHub/Juice-Sort
Using Asset Import Pipeline V2.
Refreshing native plugins compatible for Editor in 197.86 ms, found 3 plugins.
Preloading 0 native plugins for Editor in 0.00 ms.
Initialize engine version: 2021.1.24f1 (6667702a1e7c)
[Subsystems] Discovering subsystems at path C:/Program Files/Unity/Hub/Editor/2021.1.24f1/Editor/Data/Resources/UnitySubsystems
[Subsystems] Discovering subsystems at path C:/Users/Janete/Documents/GitHub/Juice-Sort/Assets
GfxDevice: creating device client; threaded=0; jobified=0
d3d11: CreateDXGIFactory2(...) not found, fallbacking to CreateDXGIFactory1(...).
d3d11: D3D_FEATURE_LEVEL_11_1 not-recognized (only 11.0 runtime installed?)
d3d11: QueryInterface(IDXGIFactory5) failed (80004002).
Direct3D:
    Version:  Direct3D 11.0 [level 11.0]
    Renderer: Intel(R) HD Graphics (ID=0xf31)
    Vendor:   Intel
    VRAM:     1632 MB
    Driver:   10.18.10.3262
Initialize mono
Mono path[0] = 'C:/Program Files/Unity/Hub/Editor/2021.1.24f1/Editor/Data/Managed'
Mono path[1] = 'C:/Program Files/Unity/Hub/Editor/2021.1.24f1/Editor/Data/MonoBleedingEdge/lib/mono/unityjit'
Mono config path = 'C:/Program Files/Unity/Hub/Editor/2021.1.24f1/Editor/Data/MonoBleedingEdge/etc'
Using monoOptions --debugger-agent=transport=dt_socket,embedding=1,server=y,suspend=n,address=127.0.0.1:56096
Begin MonoManager ReloadAssembly
Registering precompiled unity dll's ...
Register platform support module: C:/Program Files/Unity/Hub/Editor/2021.1.24f1/Editor/Data/PlaybackEngines/WindowsStandaloneSupport/UnityEditor.WindowsStandalone.Extensions.dll
Registered in 0.004173 seconds.
Native extension for WindowsStandalone target not found
Refreshing native plugins compatible for Editor in 199.24 ms, found 3 plugins.
Preloading 0 native plugins for Editor in 0.00 ms.
Mono: successfully reloaded assembly
- Completed reload, in  4.892 seconds
Domain Reload Profiling:
	ReloadAssembly (4893ms)
		BeginReloadAssembly (306ms)
			ExecutionOrderSort (0ms)
			DisableScriptedObjects (0ms)
			BackupInstance (0ms)
			ReleaseScriptingObjects (0ms)
			CreateAndSetChildDomain (3ms)
		EndReloadAssembly (1973ms)
			LoadAssemblies (296ms)
			RebuildTransferFunctionScriptingTraits (0ms)
			SetupTypeCache (805ms)
			ReleaseScriptCaches (0ms)
			RebuildScriptCaches (149ms)
			SetupLoadedEditorAssemblies (842ms)
				LogAssemblyErrors (0ms)
				InitializePlatformSupportModulesInManaged (23ms)
				SetLoadedEditorAssemblies (1ms)
				RefreshPlugins (199ms)
				BeforeProcessingInitializeOnLoad (5ms)
				ProcessInitializeOnLoadAttributes (460ms)
				ProcessInitializeOnLoadMethodAttributes (154ms)
				AfterProcessingInitializeOnLoad (0ms)
				EditorAssembliesLoaded (1ms)
			ExecutionOrderSort2 (0ms)
			AwakeInstancesAfterBackupRestoration (0ms)
Platform modules already initialized, skipping
Registering precompiled user dll's ...
Registered in 0.009869 seconds.
Begin MonoManager ReloadAssembly
Native extension for WindowsStandalone target not found
Refreshing native plugins compatible for Editor in 209.13 ms, found 3 plugins.
Preloading 0 native plugins for Editor in 0.00 ms.
Mono: successfully reloaded assembly
- Completed reload, in  7.701 seconds
Domain Reload Profiling:
	ReloadAssembly (7702ms)
		BeginReloadAssembly (1028ms)
			ExecutionOrderSort (0ms)
			DisableScriptedObjects (20ms)
			BackupInstance (0ms)
			ReleaseScriptingObjects (0ms)
			CreateAndSetChildDomain (331ms)
		EndReloadAssembly (6204ms)
			LoadAssemblies (1814ms)
			RebuildTransferFunctionScriptingTraits (0ms)
			SetupTypeCache (1919ms)
			ReleaseScriptCaches (1ms)
			RebuildScriptCaches (247ms)
			SetupLoadedEditorAssemblies (1818ms)
				LogAssemblyErrors (0ms)
				InitializePlatformSupportModulesInManaged (15ms)
				SetLoadedEditorAssemblies (1ms)
				RefreshPlugins (209ms)
				BeforeProcessingInitializeOnLoad (205ms)
				ProcessInitializeOnLoadAttributes (1289ms)
				ProcessInitializeOnLoadMethodAttributes (84ms)
				AfterProcessingInitializeOnLoad (15ms)
				EditorAssembliesLoaded (0ms)
			ExecutionOrderSort2 (0ms)
			AwakeInstancesAfterBackupRestoration (28ms)
Platform modules already initialized, skipping
========================================================================
Worker process is ready to serve import requests
Launched and connected shader compiler UnityShaderCompiler.exe after 0.30 seconds
Refreshing native plugins compatible for Editor in 1.92 ms, found 3 plugins.
Preloading 0 native plugins for Editor in 0.00 ms.
Unloading 2222 Unused Serialized files (Serialized files now loaded: 0)
System memory in use before: 98.2 MB.
System memory in use after: 98.3 MB.

Unloading 39 unused Assets to reduce memory usage. Loaded Objects now: 2663.
Total: 109.436534 ms (FindLiveObjects: 1.195676 ms CreateObjectMapping: 0.428175 ms MarkObjects: 107.503602 ms  DeleteObjects: 0.304354 ms)

AssetImportParameters requested are different than current active one (requested -> active):
  custom:framework-win-MediaFoundation: 216162199b28c13a410421893ffa2e32 -> 
  custom:video-decoder-ogg-theora: a1e56fd34408186e4bbccfd4996cb3dc -> 
  custom:container-muxer-webm: aa71ff27fc2769a1b78a27578f13a17b -> 
  custom:container-demuxer-webm: 4f35f7cbe854078d1ac9338744f61a02 -> 
  custom:container-demuxer-ogg: 62fdf1f143b41e24485cea50d1cbac27 -> 
  custom:video-encoder-webm-vp8: eb34c28f22e8b96e1ab97ce403110664 -> 
  custom:video-decoder-webm-vp8: 9c59270c3fd7afecdb556c50c9e8de78 -> 
  custom:audio-decoder-ogg-vorbis: bf7c407c2cedff20999df2af8eb42d56 -> 
  custom:audio-encoder-webm-vorbis: bf7c407c2cedff20999df2af8eb42d56 -> 
========================================================================
Received Import Request.
  path: Assets/yellowRectNormal.png
  artifactKey: Guid(8a440c2d13386594ab7d8106639b1296) Importer(815301076,1909f56bfc062723c751e8b465ee728b)
Start importing Assets/yellowRectNormal.png using Guid(8a440c2d13386594ab7d8106639b1296) Importer(815301076,1909f56bfc062723c751e8b465ee728b)  -> (artifact id: 'f29df405ad48f53963f735316935b5f0') in 0.716639 seconds 
========================================================================
Received Import Request.
  Time since last request: 0.000976 seconds.
  path: Assets/slider2.png
  artifactKey: Guid(a1c80da783aa17444a839844c7ccd6e8) Importer(815301076,1909f56bfc062723c751e8b465ee728b)
Start importing Assets/slider2.png using Guid(a1c80da783aa17444a839844c7ccd6e8) Importer(815301076,1909f56bfc062723c751e8b465ee728b)  -> (artifact id: '6d7f5d34ddf2da2e5ec30a29665125d5') in 0.113069 seconds 
========================================================================
Received Import Request.
  Time since last request: 0.000143 seconds.
  path: Assets/rect.png
  artifactKey: Guid(67342fe22f3b5bd4687cb815136af891) Importer(815301076,1909f56bfc062723c751e8b465ee728b)
Start importing Assets/rect.png using Guid(67342fe22f3b5bd4687cb815136af891) Importer(815301076,1909f56bfc062723c751e8b465ee728b)  -> (artifact id: '66620d938374086cc6dd69afbefeed07') in 0.078619 seconds 
========================================================================
Received Import Request.
  Time since last request: 0.000536 seconds.
  path: Assets/settingsBtn.png
  artifactKey: Guid(dab06dfeb21a15c42a9adc69155386a2) Importer(815301076,1909f56bfc062723c751e8b465ee728b)
Start importing Assets/settingsBtn.png using Guid(dab06dfeb21a15c42a9adc69155386a2) Importer(815301076,1909f56bfc062723c751e8b465ee728b)  -> (artifact id: 'b8d0fc2b66d510e3087ac5019f2ddacc') in 0.103352 seconds 
========================================================================
Received Import Request.
  Time since last request: 0.000971 seconds.
  path: Packages/com.unity.2d.animation/Editor/Assets/SkinningModule/Icons/Light/Bone@3x.png
  artifactKey: Guid(76beef9fdae7b48468ddf07d0400a374) Importer(815301076,1909f56bfc062723c751e8b465ee728b)
Start importing Packages/com.unity.2d.animation/Editor/Assets/SkinningModule/Icons/Light/Bone@3x.png using Guid(76beef9fdae7b48468ddf07d0400a374) Importer(815301076,1909f56bfc062723c751e8b465ee728b)  -> (artifact id: '9880f7d7e71261037c67e417571e4fd0') in 0.410484 seconds 
========================================================================
Received Import Request.
  Time since last request: 0.000670 seconds.
  path: Packages/com.unity.2d.animation/Editor/Assets/SkinningModule/Icons/Light/Bone_Influence@2x.png
  artifactKey: Guid(7395bf0bc3cc40e4ab2dda5ec6832261) Importer(815301076,1909f56bfc062723c751e8b465ee728b)
Start importing Packages/com.unity.2d.animation/Editor/Assets/SkinningModule/Icons/Light/Bone_Influence@2x.png using Guid(7395bf0bc3cc40e4ab2dda5ec6832261) Importer(815301076,1909f56bfc062723c751e8b465ee728b)  -> (artifact id: 'fae3cde0e877b0aefc9833588d3c82c6') in 0.109592 seconds 
========================================================================
Received Import Request.
  Time since last request: 0.000420 seconds.
  path: Assets/purpleRectTapped.png
  artifactKey: Guid(4a927f8233134ec4abcb95e91ec04067) Importer(815301076,1909f56bfc062723c751e8b465ee728b)
Start importing Assets/purpleRectTapped.png using Guid(4a927f8233134ec4abcb95e91ec04067) Importer(815301076,1909f56bfc062723c751e8b465ee728b)  -> (artifact id: '5cc8b31efe0dab02061742dbe25db6f7') in 0.119192 seconds 
========================================================================
Received Import Request.
  Time since last request: 0.000414 seconds.
  path: Assets/yellowRectTapped.png
  artifactKey: Guid(449b313aa3359764fbc411d9f244b21e) Importer(815301076,1909f56bfc062723c751e8b465ee728b)
Start importing Assets/yellowRectTapped.png using Guid(449b313aa3359764fbc411d9f244b21e) Importer(815301076,1909f56bfc062723c751e8b465ee728b)  -> (artifact id: 'a7b7d4d3d89919b64c3f97f777721bf2') in 0.056955 seconds 
========================================================================
Received Import Request.
  Time since last request: 0.000899 seconds.
  path: Assets/base.jpg
  artifactKey: Guid(54dfcf0e6f388f74196318652e45c301) Importer(815301076,1909f56bfc062723c751e8b465ee728b)
Start importing Assets/base.jpg using Guid(54dfcf0e6f388f74196318652e45c301) Importer(815301076,1909f56bfc062723c751e8b465ee728b)  -> (artifact id: '1005a9e68bec40cde462f605ddc4efac') in 0.065933 seconds 
========================================================================
Received Import Request.
  Time since last request: 0.003524 seconds.
  path: Assets/Settings Menu.png
  artifactKey: Guid(f148795590020b540b91eadd42f78b04) Importer(815301076,1909f56bfc062723c751e8b465ee728b)
Start importing Assets/Settings Menu.png using Guid(f148795590020b540b91eadd42f78b04) Importer(815301076,1909f56bfc062723c751e8b465ee728b)  -> (artifact id: 'b901053030f50ff9e52068fdf1a927dd') in 0.403902 seconds 
========================================================================
Received Import Request.
  Time since last request: 0.000425 seconds.
  path: Packages/com.unity.2d.animation/Editor/Assets/SkinningModule/Icons/Selected/Bone_Influence@2x.png
  artifactKey: Guid(0779ad3feec52124e97114bcbb12ef13) Importer(815301076,1909f56bfc062723c751e8b465ee728b)
Start importing Packages/com.unity.2d.animation/Editor/Assets/SkinningModule/Icons/Selected/Bone_Influence@2x.png using Guid(0779ad3feec52124e97114bcbb12ef13) Importer(815301076,1909f56bfc062723c751e8b465ee728b)  -> (artifact id: '25a17c6171f1b59d4a777eadf565cf2b') in 0.246543 seconds 
========================================================================
Received Import Request.
  Time since last request: 0.001083 seconds.
  path: Assets/soundOnBtn.png
  artifactKey: Guid(efa4a2e317193ef42a83d9553178773d) Importer(815301076,1909f56bfc062723c751e8b465ee728b)
Start importing Assets/soundOnBtn.png using Guid(efa4a2e317193ef42a83d9553178773d) Importer(815301076,1909f56bfc062723c751e8b465ee728b)  -> (artifact id: 'c26b46cbcc649fa41f41f272fc34592a') in 0.227902 seconds 
========================================================================
Received Import Request.
  Time since last request: 0.000526 seconds.
  path: Assets/soundOffBtn.png
  artifactKey: Guid(263b05eff6f83184393d0dc6f82bf0bd) Importer(815301076,1909f56bfc062723c751e8b465ee728b)
Start importing Assets/soundOffBtn.png using Guid(263b05eff6f83184393d0dc6f82bf0bd) Importer(815301076,1909f56bfc062723c751e8b465ee728b)  -> (artifact id: 'e02cbdedd245d772aaf2fe6817d13e50') in 0.148667 seconds 
========================================================================
Received Import Request.
  Time since last request: 0.000469 seconds.
  path: Packages/com.unity.2d.sprite/Editor/ObjectMenuCreation/DefaultAssets/Textures/9-SlicedWithBorder.png
  artifactKey: Guid(cc35afd292fc349128b36a291fb3a165) Importer(815301076,1909f56bfc062723c751e8b465ee728b)
Start importing Packages/com.unity.2d.sprite/Editor/ObjectMenuCreation/DefaultAssets/Textures/9-SlicedWithBorder.png using Guid(cc35afd292fc349128b36a291fb3a165) Importer(815301076,1909f56bfc062723c751e8b465ee728b)  -> (artifact id: '43eff1c27fc971d4509d074a1eb272cf') in 0.169828 seconds 
========================================================================
Received Import Request.
  Time since last request: 0.000864 seconds.
  path: Packages/com.unity.2d.animation/Editor/Assets/SkinningModule/Icons/Selected/Bone_Influence.png
  artifactKey: Guid(ff00345da0563d641903c5bd5bb748a4) Importer(815301076,1909f56bfc062723c751e8b465ee728b)
Start importing Packages/com.unity.2d.animation/Editor/Assets/SkinningModule/Icons/Selected/Bone_Influence.png using Guid(ff00345da0563d641903c5bd5bb748a4) Importer(815301076,1909f56bfc062723c751e8b465ee728b)  -> (artifact id: '4bec39733a6d8b92f201704673cc7329') in 0.088704 seconds 
========================================================================
Received Import Request.
  Time since last request: 0.000429 seconds.
  path: Assets/purpleBtnNormal.png
  artifactKey: Guid(f419970966544054c83ed16dfcba9e53) Importer(815301076,1909f56bfc062723c751e8b465ee728b)
Start importing Assets/purpleBtnNormal.png using Guid(f419970966544054c83ed16dfcba9e53) Importer(815301076,1909f56bfc062723c751e8b465ee728b)  -> (artifact id: 'af161a730add197f81ecdfe7c2346ef2') in 0.298519 seconds 
========================================================================
Received Import Request.
  Time since last request: 0.000759 seconds.
  path: Assets/purpleBtnTapped.png
  artifactKey: Guid(339abb4f58d63e94eb08f65fcfa5b3e4) Importer(815301076,1909f56bfc062723c751e8b465ee728b)
Start importing Assets/purpleBtnTapped.png using Guid(339abb4f58d63e94eb08f65fcfa5b3e4) Importer(815301076,1909f56bfc062723c751e8b465ee728b)  -> (artifact id: '71c6b6b3afc35b2787feac9f2a594953') in 0.376394 seconds 
========================================================================
Received Import Request.
  Time since last request: 0.000152 seconds.
  path: Assets/tickIcon.png
  artifactKey: Guid(c4dd583d3a4d2e549b0bb21890092ea0) Importer(815301076,1909f56bfc062723c751e8b465ee728b)
Start importing Assets/tickIcon.png using Guid(c4dd583d3a4d2e549b0bb21890092ea0) Importer(815301076,1909f56bfc062723c751e8b465ee728b)  -> (artifact id: 'dcceefbc5b30bbd589d874dd12ef790c') in 0.182489 seconds 
========================================================================
Received Import Request.
  Time since last request: 0.000627 seconds.
  path: Packages/com.unity.2d.sprite/Editor/ObjectMenuCreation/DefaultAssets/Textures/9-Sliced.png
  artifactKey: Guid(71ebafeef3c03457483266a33ab2b270) Importer(815301076,1909f56bfc062723c751e8b465ee728b)
Start importing Packages/com.unity.2d.sprite/Editor/ObjectMenuCreation/DefaultAssets/Textures/9-Sliced.png using Guid(71ebafeef3c03457483266a33ab2b270) Importer(815301076,1909f56bfc062723c751e8b465ee728b)  -> (artifact id: 'faa3ec2d64f6c35c0ad65eb9703e0a16') in 0.098276 seconds 
========================================================================
Received Import Request.
  Time since last request: 0.000465 seconds.
  path: Assets/roundEdgeRect.png
  artifactKey: Guid(5e904edda6900e7419819d8996866cb9) Importer(815301076,1909f56bfc062723c751e8b465ee728b)
Start importing Assets/roundEdgeRect.png using Guid(5e904edda6900e7419819d8996866cb9) Importer(815301076,1909f56bfc062723c751e8b465ee728b)  -> (artifact id: '094ea2e2c8f04d9a2418f6b9673302bb') in 0.105518 seconds 
========================================================================
Received Import Request.
  Time since last request: 0.000524 seconds.
  path: Assets/shareIcon.png
  artifactKey: Guid(7e610e6670f0a1942a1af771d07ba1a8) Importer(815301076,1909f56bfc062723c751e8b465ee728b)
Start importing Assets/shareIcon.png using Guid(7e610e6670f0a1942a1af771d07ba1a8) Importer(815301076,1909f56bfc062723c751e8b465ee728b)  -> (artifact id: 'cd4d716785f7a4dbacf753063dc47700') in 0.105790 seconds 
========================================================================
Received Import Request.
  Time since last request: 0.000151 seconds.
  path: Assets/rewardAdsBtn.png
  artifactKey: Guid(6d6a3572f8acad941a569638e5c7ca7c) Importer(815301076,1909f56bfc062723c751e8b465ee728b)
Start importing Assets/rewardAdsBtn.png using Guid(6d6a3572f8acad941a569638e5c7ca7c) Importer(815301076,1909f56bfc062723c751e8b465ee728b)  -> (artifact id: '1b11e56293ad81e1910d39712ff9f0fe') in 0.200966 seconds 
========================================================================
Received Import Request.
  Time since last request: 0.000468 seconds.
  path: Assets/toggleOff.png
  artifactKey: Guid(15f55630c26bb5c4abfb60cccf0a5061) Importer(815301076,1909f56bfc062723c751e8b465ee728b)
Start importing Assets/toggleOff.png using Guid(15f55630c26bb5c4abfb60cccf0a5061) Importer(815301076,1909f56bfc062723c751e8b465ee728b)  -> (artifact id: '96755788ca4b98da4d7455216e4ced81') in 0.165516 seconds 
========================================================================
Received Import Request.
  Time since last request: 0.000145 seconds.
  path: Assets/yellowBtnNormal.png
  artifactKey: Guid(7eecd57e95d005743a2d807aa7173675) Importer(815301076,1909f56bfc062723c751e8b465ee728b)
Start importing Assets/yellowBtnNormal.png using Guid(7eecd57e95d005743a2d807aa7173675) Importer(815301076,1909f56bfc062723c751e8b465ee728b)  -> (artifact id: '5a27e60b12f2ad077771e6041bee379d') in 0.162180 seconds 
========================================================================
Received Import Request.
  Time since last request: 0.000542 seconds.
  path: Packages/com.unity.2d.sprite/Editor/ObjectMenuCreation/DefaultAssets/Textures/v2/9Sliced.png
  artifactKey: Guid(8884154dfe85442a3a3578be807dbcdf) Importer(815301076,1909f56bfc062723c751e8b465ee728b)
Start importing Packages/com.unity.2d.sprite/Editor/ObjectMenuCreation/DefaultAssets/Textures/v2/9Sliced.png using Guid(8884154dfe85442a3a3578be807dbcdf) Importer(815301076,1909f56bfc062723c751e8b465ee728b)  -> (artifact id: 'c31517ade9ef5bf7f33b822b63f21ed8') in 0.178198 seconds 
========================================================================
Received Import Request.
  Time since last request: 0.000204 seconds.
  path: Packages/com.unity.2d.animation/Editor/Assets/SkinningModule/Icons/Light/Bone.png
  artifactKey: Guid(62ce01ddca719d34ea9648c586a7cc94) Importer(815301076,1909f56bfc062723c751e8b465ee728b)
Start importing Packages/com.unity.2d.animation/Editor/Assets/SkinningModule/Icons/Light/Bone.png using Guid(62ce01ddca719d34ea9648c586a7cc94) Importer(815301076,1909f56bfc062723c751e8b465ee728b)  -> (artifact id: '311013ce737ce8356230529739757302') in 0.111749 seconds 
========================================================================
Received Import Request.
  Time since last request: 0.000681 seconds.
  path: Packages/com.unity.2d.animation/Editor/Assets/SkinningModule/Icons/Light/Bone_Influence.png
  artifactKey: Guid(e92fc44f12c21dd44a49e390f39f7ffd) Importer(815301076,1909f56bfc062723c751e8b465ee728b)
Start importing Packages/com.unity.2d.animation/Editor/Assets/SkinningModule/Icons/Light/Bone_Influence.png using Guid(e92fc44f12c21dd44a49e390f39f7ffd) Importer(815301076,1909f56bfc062723c751e8b465ee728b)  -> (artifact id: '8b1af55fb9d9cb5626cf228665ef199b') in 0.091939 seconds 
========================================================================
Received Import Request.
  Time since last request: 0.000423 seconds.
  path: Assets/purpleRectNormal.png
  artifactKey: Guid(50798f1353664244a908d3bda5a069c7) Importer(815301076,1909f56bfc062723c751e8b465ee728b)
Start importing Assets/purpleRectNormal.png using Guid(50798f1353664244a908d3bda5a069c7) Importer(815301076,1909f56bfc062723c751e8b465ee728b)  -> (artifact id: 'da62570222f72a890aabf33a5a4e7d57') in 0.119654 seconds 
========================================================================
Received Import Request.
  Time since last request: 0.000695 seconds.
  path: Assets/whiteBG.png
  artifactKey: Guid(da658d216585c3b45bf0cdfdc0861643) Importer(815301076,1909f56bfc062723c751e8b465ee728b)
Start importing Assets/whiteBG.png using Guid(da658d216585c3b45bf0cdfdc0861643) Importer(815301076,1909f56bfc062723c751e8b465ee728b)  -> (artifact id: '873c5524c8aef766c77487957603c237') in 0.080937 seconds 
========================================================================
Received Import Request.
  Time since last request: 0.000646 seconds.
  path: Packages/com.unity.2d.animation/Editor/Assets/SkinningModule/Icons/Light/Bone@4x.png
  artifactKey: Guid(9125c204f566db048a92ebcb64d9d14a) Importer(815301076,1909f56bfc062723c751e8b465ee728b)
Start importing Packages/com.unity.2d.animation/Editor/Assets/SkinningModule/Icons/Light/Bone@4x.png using Guid(9125c204f566db048a92ebcb64d9d14a) Importer(815301076,1909f56bfc062723c751e8b465ee728b)  -> (artifact id: '86f9c40ed941fc1e92f3da69d52cb11d') in 0.200956 seconds 
========================================================================
Received Import Request.
  Time since last request: 0.000464 seconds.
  path: Assets/purpleBtnInactive.png
  artifactKey: Guid(8250650e00d0d2146ace64f9efdcc211) Importer(815301076,1909f56bfc062723c751e8b465ee728b)
Start importing Assets/purpleBtnInactive.png using Guid(8250650e00d0d2146ace64f9efdcc211) Importer(815301076,1909f56bfc062723c751e8b465ee728b)  -> (artifact id: 'e0d45c1e86f5e08d6d7cfa3311fb5a70') in 0.130643 seconds 
========================================================================
Received Import Request.
  Time since last request: 0.000541 seconds.
  path: Assets/restoreBtn.png
  artifactKey: Guid(4a6a2291cc14b394890597542ccdb559) Importer(815301076,1909f56bfc062723c751e8b465ee728b)
Start importing Assets/restoreBtn.png using Guid(4a6a2291cc14b394890597542ccdb559) Importer(815301076,1909f56bfc062723c751e8b465ee728b)  -> (artifact id: '300abadb0f30c7a59a080b63bbe89029') in 0.142754 seconds 
========================================================================
Received Import Request.
  Time since last request: 0.000153 seconds.
  path: Assets/starIcon.png
  artifactKey: Guid(b161b043ca1e26b40b0a1d798087845b) Importer(815301076,1909f56bfc062723c751e8b465ee728b)
Start importing Assets/starIcon.png using Guid(b161b043ca1e26b40b0a1d798087845b) Importer(815301076,1909f56bfc062723c751e8b465ee728b)  -> (artifact id: '39f4aa046282f0dc863b3546b365bc78') in 0.110455 seconds 
========================================================================
Received Import Request.
  Time since last request: 0.000809 seconds.
  path: Assets/yellowBtnTapped.png
  artifactKey: Guid(d44204722768f424cb1eab3bae159bf8) Importer(815301076,1909f56bfc062723c751e8b465ee728b)
Start importing Assets/yellowBtnTapped.png using Guid(d44204722768f424cb1eab3bae159bf8) Importer(815301076,1909f56bfc062723c751e8b465ee728b)  -> (artifact id: '20fda6e0de654a97d2b9fbd8da1b2b8c') in 0.079145 seconds 
========================================================================
Received Import Request.
  Time since last request: 0.001235 seconds.
  path: Assets/slider1.png
  artifactKey: Guid(3cd93b2484d692540a30328eba1f465a) Importer(815301076,1909f56bfc062723c751e8b465ee728b)
Start importing Assets/slider1.png using Guid(3cd93b2484d692540a30328eba1f465a) Importer(815301076,1909f56bfc062723c751e8b465ee728b)  -> (artifact id: '542a05aaaa96a82bd46d950d09de1a0b') in 0.123391 seconds 
========================================================================
Received Import Request.
  Time since last request: 0.000432 seconds.
  path: Assets/toggleOn.png
  artifactKey: Guid(e6ab5286dc1717741a56aea16cd90195) Importer(815301076,1909f56bfc062723c751e8b465ee728b)
Start importing Assets/toggleOn.png using Guid(e6ab5286dc1717741a56aea16cd90195) Importer(815301076,1909f56bfc062723c751e8b465ee728b)  -> (artifact id: 'fb8b3f90468cc753905e06238562703e') in 0.120995 seconds 
========================================================================
Received Import Request.
  Time since last request: 0.000522 seconds.
  path: Assets/trophyIcon.png
  artifactKey: Guid(6dff99822ad49654590a0e938bdbb1aa) Importer(815301076,1909f56bfc062723c751e8b465ee728b)
Start importing Assets/trophyIcon.png using Guid(6dff99822ad49654590a0e938bdbb1aa) Importer(815301076,1909f56bfc062723c751e8b465ee728b)  -> (artifact id: '0bd51e77ac9406228ffe3cb0e8327bb4') in 0.144626 seconds 
========================================================================
Received Import Request.
  Time since last request: 0.000537 seconds.
  path: Assets/slider3.png
  artifactKey: Guid(f27bb374b0f513444ae3e726b7da3cd8) Importer(815301076,1909f56bfc062723c751e8b465ee728b)
Start importing Assets/slider3.png using Guid(f27bb374b0f513444ae3e726b7da3cd8) Importer(815301076,1909f56bfc062723c751e8b465ee728b)  -> (artifact id: '18500cf2ea4961123c0a5e267d82b1d1') in 0.111228 seconds 
========================================================================
Received Import Request.
  Time since last request: 0.000423 seconds.
  path: Assets/rect2.png
  artifactKey: Guid(f4e76605240cd814e822835a9a952b68) Importer(815301076,1909f56bfc062723c751e8b465ee728b)
Start importing Assets/rect2.png using Guid(f4e76605240cd814e822835a9a952b68) Importer(815301076,1909f56bfc062723c751e8b465ee728b)  -> (artifact id: '20893f2b6a1419f328594a0f94488d4f') in 0.086270 seconds 
========================================================================
Received Import Request.
  Time since last request: 0.000416 seconds.
  path: Assets/unlikeBtn.png
  artifactKey: Guid(12eeb5a3b911a2c49a051c970316c279) Importer(815301076,1909f56bfc062723c751e8b465ee728b)
Start importing Assets/unlikeBtn.png using Guid(12eeb5a3b911a2c49a051c970316c279) Importer(815301076,1909f56bfc062723c751e8b465ee728b)  -> (artifact id: 'aca8466c882eed1ca8ac373f83ae9827') in 0.189899 seconds 
========================================================================
Received Import Request.
  Time since last request: 0.000233 seconds.
  path: Assets/yellowBtnInactive.png
  artifactKey: Guid(ba3bcc0e7cb3a354d975934650cec75d) Importer(815301076,1909f56bfc062723c751e8b465ee728b)
Start importing Assets/yellowBtnInactive.png using Guid(ba3bcc0e7cb3a354d975934650cec75d) Importer(815301076,1909f56bfc062723c751e8b465ee728b)  -> (artifact id: '1b748a2174f37e451977472aca5df764') in 0.138490 seconds 
========================================================================
Received Import Request.
  Time since last request: 0.000406 seconds.
  path: Packages/com.unity.2d.animation/Editor/Assets/SkinningModule/Icons/Light/Bone@2x.png
  artifactKey: Guid(d6a44ab95b0def041a7929981a2c23a1) Importer(815301076,1909f56bfc062723c751e8b465ee728b)
Start importing Packages/com.unity.2d.animation/Editor/Assets/SkinningModule/Icons/Light/Bone@2x.png using Guid(d6a44ab95b0def041a7929981a2c23a1) Importer(815301076,1909f56bfc062723c751e8b465ee728b)  -> (artifact id: '24aa61d0582a1febce68fa4d169fe0f6') in 0.096448 seconds 
========================================================================
Received Prepare
Registering precompiled user dll's ...
Registered in 0.016743 seconds.
Begin MonoManager ReloadAssembly
Native extension for WindowsStandalone target not found
Refreshing native plugins compatible for Editor in 21.03 ms, found 3 plugins.
Preloading 0 native plugins for Editor in 0.00 ms.
Mono: successfully reloaded assembly
- Completed reload, in 12.362 seconds
Domain Reload Profiling:
	ReloadAssembly (12364ms)
		BeginReloadAssembly (515ms)
			ExecutionOrderSort (0ms)
			DisableScriptedObjects (42ms)
			BackupInstance (0ms)
			ReleaseScriptingObjects (0ms)
			CreateAndSetChildDomain (144ms)
		EndReloadAssembly (11550ms)
			LoadAssemblies (443ms)
			RebuildTransferFunctionScriptingTraits (0ms)
			SetupTypeCache (3236ms)
			ReleaseScriptCaches (3ms)
			RebuildScriptCaches (982ms)
			SetupLoadedEditorAssemblies (3196ms)
				LogAssemblyErrors (0ms)
				InitializePlatformSupportModulesInManaged (44ms)
				SetLoadedEditorAssemblies (2ms)
				RefreshPlugins (21ms)
				BeforeProcessingInitializeOnLoad (467ms)
				ProcessInitializeOnLoadAttributes (2511ms)
				ProcessInitializeOnLoadMethodAttributes (88ms)
				AfterProcessingInitializeOnLoad (36ms)
				EditorAssembliesLoaded (27ms)
			ExecutionOrderSort2 (0ms)
			AwakeInstancesAfterBackupRestoration (300ms)
Platform modules already initialized, skipping
Switching build target platform(19) subTarget(0) extendedPlatform(0) -> platform(13) subTarget(537395200) extendedPlatform(0)
Refreshing native plugins compatible for Editor in 1.96 ms, found 3 plugins.
Preloading 0 native plugins for Editor in 0.00 ms.
Unloading 2256 Unused Serialized files (Serialized files now loaded: 0)
System memory in use before: 125.0 MB.
System memory in use after: 125.2 MB.

Unloading 27 unused Assets to reduce memory usage. Loaded Objects now: 3333.
Total: 332.001548 ms (FindLiveObjects: 1.344073 ms CreateObjectMapping: 0.505681 ms MarkObjects: 330.056329 ms  DeleteObjects: 0.089321 ms)

AssetImportParameters requested are different than current active one (requested -> active):
  custom:framework-win-MediaFoundation: 216162199b28c13a410421893ffa2e32 -> 
  custom:video-decoder-ogg-theora: a1e56fd34408186e4bbccfd4996cb3dc -> 
  custom:container-muxer-webm: aa71ff27fc2769a1b78a27578f13a17b -> 
  custom:container-demuxer-webm: 4f35f7cbe854078d1ac9338744f61a02 -> 
  custom:container-demuxer-ogg: 62fdf1f143b41e24485cea50d1cbac27 -> 
  custom:video-encoder-webm-vp8: eb34c28f22e8b96e1ab97ce403110664 -> 
  custom:video-decoder-webm-vp8: 9c59270c3fd7afecdb556c50c9e8de78 -> 
  custom:graphics/normal-map-encoding: 01000000000000000000000000000000 -> 02000000000000000000000000000000
  custom:audio-decoder-ogg-vorbis: bf7c407c2cedff20999df2af8eb42d56 -> 
  custom:audio-encoder-webm-vorbis: bf7c407c2cedff20999df2af8eb42d56 -> 
